
  .   ____          _            __ _ _
 /\\ / ___'_ __ _ _(_)_ __  __ _ \ \ \ \
( ( )\___ | '_ | '_| | '_ \/ _` | \ \ \ \
 \\/  ___)| |_)| | | | | || (_| |  ) ) ) )
  '  |____| .__|_| |_|_| |_\__, | / / / /
 =========|_|==============|___/=/_/_/_/

 :: Spring Boot ::                (v3.5.6)

2025-10-01T15:51:40.420+09:00  INFO 34460 --- [spring-rest-api] [           main] c.e.s.SpringRestApiApplication           : Starting SpringRestApiApplication v0.1.3 using Java 17.0.16 with PID 34460 (/home/diginori/code/spring-rest-api/app.jar started by diginori in /home/diginori/code/spring-rest-api)
2025-10-01T15:51:40.424+09:00  INFO 34460 --- [spring-rest-api] [           main] c.e.s.SpringRestApiApplication           : No active profile set, falling back to 1 default profile: "default"
2025-10-01T15:51:41.357+09:00  INFO 34460 --- [spring-rest-api] [           main] o.s.b.w.embedded.tomcat.TomcatWebServer  : Tomcat initialized with port 8080 (http)
2025-10-01T15:51:41.375+09:00  INFO 34460 --- [spring-rest-api] [           main] o.apache.catalina.core.StandardService   : Starting service [Tomcat]
2025-10-01T15:51:41.375+09:00  INFO 34460 --- [spring-rest-api] [           main] o.apache.catalina.core.StandardEngine    : Starting Servlet engine: [Apache Tomcat/10.1.46]
2025-10-01T15:51:41.409+09:00  INFO 34460 --- [spring-rest-api] [           main] o.a.c.c.C.[Tomcat].[localhost].[/]       : Initializing Spring embedded WebApplicationContext
2025-10-01T15:51:41.411+09:00  INFO 34460 --- [spring-rest-api] [           main] w.s.c.ServletWebServerApplicationContext : Root WebApplicationContext: initialization completed in 915 ms
2025-10-01T15:51:41.873+09:00  INFO 34460 --- [spring-rest-api] [           main] o.s.b.w.embedded.tomcat.TomcatWebServer  : Tomcat started on port 8080 (http) with context path '/'
2025-10-01T15:51:41.910+09:00  INFO 34460 --- [spring-rest-api] [           main] c.e.s.SpringRestApiApplication           : Started SpringRestApiApplication in 1.957 seconds (process running for 2.43)
2025-10-01T15:51:56.457+09:00  INFO 34460 --- [spring-rest-api] [nio-8080-exec-1] o.a.c.c.C.[Tomcat].[localhost].[/]       : Initializing Spring DispatcherServlet 'dispatcherServlet'
2025-10-01T15:51:56.457+09:00  INFO 34460 --- [spring-rest-api] [nio-8080-exec-1] o.s.web.servlet.DispatcherServlet        : Initializing Servlet 'dispatcherServlet'
2025-10-01T15:51:56.458+09:00  INFO 34460 --- [spring-rest-api] [nio-8080-exec-1] o.s.web.servlet.DispatcherServlet        : Completed initialization in 1 ms
2025-10-01T15:52:00.242+09:00  INFO 34460 --- [spring-rest-api] [ionShutdownHook] o.s.b.w.e.tomcat.GracefulShutdown        : Commencing graceful shutdown. Waiting for active requests to complete
2025-10-01T15:52:00.250+09:00  INFO 34460 --- [spring-rest-api] [tomcat-shutdown] o.s.b.w.e.tomcat.GracefulShutdown        : Graceful shutdown complete
